# JRE version: OpenJDK Runtime Environment Corretto-17.0.13.11.1 (17.0.13+11) (build 17.0.13+11-LTS)
# Java VM: OpenJDK 64-Bit Server VM Corretto-17.0.13.11.1 (17.0.13+11-LTS, mixed mode, sharing, tiered, compressed oops, compressed class ptrs, g1 gc, windows-amd64)
GC Precious Log:
 CPUs: 12 total, 12 available
 Memory: 16057M
 Large Page Support: Disabled
 NUMA Support: Disabled
 Compressed Oops: Enabled (Zero based)
 Heap Region Size: 2M
 Heap Min Capacity: 8M
 Heap Initial Capacity: 252M
 Heap Max Capacity: 4016M
 Pre-touch: Disabled
 Parallel Workers: 10
 Concurrent Workers: 3
 Concurrent Refinement Workers: 10
 Periodic GC: Disabled
Heap:
 garbage-first heap   total 102400K, used 46398K [0x0000000705000000, 0x0000000800000000)
  region size 2048K, 12 young (24576K), 1 survivors (2048K)
 Metaspace       used 69766K, committed 70592K, reserved 1114112K
  class space    used 9305K, committed 9664K, reserved 1048576K
GC Heap History (20 events):
Event: 17775.290 GC heap before
{Heap before GC invocations=35 (full 0):
 garbage-first heap   total 61440K, used 30919K [0x0000000705000000, 0x0000000800000000)
  region size 2048K, 2 young (4096K), 1 survivors (2048K)
 Metaspace       used 69461K, committed 70400K, reserved 1114112K
  class space    used 9301K, committed 9664K, reserved 1048576K
}
Event: 17775.315 GC heap after
{Heap after GC invocations=36 (full 0):
 garbage-first heap   total 61440K, used 26414K [0x0000000705000000, 0x0000000800000000)
  region size 2048K, 1 young (2048K), 1 survivors (2048K)
 Metaspace       used 69461K, committed 70400K, reserved 1114112K
  class space    used 9301K, committed 9664K, reserved 1048576K
}
Event: 17853.179 GC heap before
{Heap before GC invocations=36 (full 0):
 garbage-first heap   total 61440K, used 28462K [0x0000000705000000, 0x0000000800000000)
  region size 2048K, 2 young (4096K), 1 survivors (2048K)
 Metaspace       used 69461K, committed 70400K, reserved 1114112K
  class space    used 9301K, committed 9664K, reserved 1048576K
}
Event: 17853.191 GC heap after
{Heap after GC invocations=37 (full 0):
 garbage-first heap   total 61440K, used 26090K [0x0000000705000000, 0x0000000800000000)
  region size 2048K, 1 young (2048K), 1 survivors (2048K)
 Metaspace       used 69461K, committed 70400K, reserved 1114112K
  class space    used 9301K, committed 9664K, reserved 1048576K
}
Event: 18577.870 GC heap before
{Heap before GC invocations=37 (full 0):
 garbage-first heap   total 61440K, used 48618K [0x0000000705000000, 0x0000000800000000)
  region size 2048K, 12 young (24576K), 1 survivors (2048K)
 Metaspace       used 69492K, committed 70400K, reserved 1114112K
  class space    used 9301K, committed 9664K, reserved 1048576K
}
Event: 18577.896 GC heap after
{Heap after GC invocations=38 (full 0):
 garbage-first heap   total 61440K, used 26027K [0x0000000705000000, 0x0000000800000000)
  region size 2048K, 1 young (2048K), 1 survivors (2048K)
 Metaspace       used 69492K, committed 70400K, reserved 1114112K
  class space    used 9301K, committed 9664K, reserved 1048576K
}
Event: 19398.097 GC heap before
{Heap before GC invocations=39 (full 0):
 garbage-first heap   total 61440K, used 48555K [0x0000000705000000, 0x0000000800000000)
  region size 2048K, 12 young (24576K), 1 survivors (2048K)
 Metaspace       used 69548K, committed 70464K, reserved 1114112K
  class space    used 9300K, committed 9664K, reserved 1048576K
}
Event: 19398.129 GC heap after
{Heap after GC invocations=40 (full 0):
 garbage-first heap   total 61440K, used 26149K [0x0000000705000000, 0x0000000800000000)
  region size 2048K, 1 young (2048K), 1 survivors (2048K)
 Metaspace       used 69548K, committed 70464K, reserved 1114112K
  class space    used 9300K, committed 9664K, reserved 1048576K
}
Event: 20425.904 GC heap before
{Heap before GC invocations=40 (full 0):
 garbage-first heap   total 61440K, used 50725K [0x0000000705000000, 0x0000000800000000)
  region size 2048K, 13 young (26624K), 1 survivors (2048K)
 Metaspace       used 69559K, committed 70464K, reserved 1114112K
  class space    used 9301K, committed 9664K, reserved 1048576K
}
Event: 20425.935 GC heap after
{Heap after GC invocations=41 (full 0):
 garbage-first heap   total 61440K, used 26169K [0x0000000705000000, 0x0000000800000000)
  region size 2048K, 1 young (2048K), 1 survivors (2048K)
 Metaspace       used 69559K, committed 70464K, reserved 1114112K
  class space    used 9301K, committed 9664K, reserved 1048576K
}
Event: 21359.803 GC heap before
{Heap before GC invocations=42 (full 0):
 garbage-first heap   total 61440K, used 50745K [0x0000000705000000, 0x0000000800000000)
  region size 2048K, 13 young (26624K), 1 survivors (2048K)
 Metaspace       used 69567K, committed 70464K, reserved 1114112K
  class space    used 9301K, committed 9664K, reserved 1048576K
}
Event: 21359.807 GC heap after
{Heap after GC invocations=43 (full 0):
 garbage-first heap   total 61440K, used 26101K [0x0000000705000000, 0x0000000800000000)
  region size 2048K, 1 young (2048K), 1 survivors (2048K)
 Metaspace       used 69567K, committed 70464K, reserved 1114112K
  class space    used 9301K, committed 9664K, reserved 1048576K
}
Event: 22167.702 GC heap before
{Heap before GC invocations=43 (full 0):
 garbage-first heap   total 61440K, used 50677K [0x0000000705000000, 0x0000000800000000)
  region size 2048K, 13 young (26624K), 1 survivors (2048K)
 Metaspace       used 69678K, committed 70528K, reserved 1114112K
  class space    used 9301K, committed 9664K, reserved 1048576K
}
Event: 22167.712 GC heap after
{Heap after GC invocations=44 (full 0):
 garbage-first heap   total 61440K, used 26050K [0x0000000705000000, 0x0000000800000000)
  region size 2048K, 1 young (2048K), 1 survivors (2048K)
 Metaspace       used 69678K, committed 70528K, reserved 1114112K
  class space    used 9301K, committed 9664K, reserved 1048576K
}
Event: 23086.179 GC heap before
{Heap before GC invocations=45 (full 0):
 garbage-first heap   total 61440K, used 50626K [0x0000000705000000, 0x0000000800000000)
  region size 2048K, 13 young (26624K), 1 survivors (2048K)
 Metaspace       used 69686K, committed 70528K, reserved 1114112K
  class space    used 9301K, committed 9664K, reserved 1048576K
}
Event: 23086.193 GC heap after
{Heap after GC invocations=46 (full 0):
 garbage-first heap   total 159744K, used 26075K [0x0000000705000000, 0x0000000800000000)
  region size 2048K, 1 young (2048K), 1 survivors (2048K)
 Metaspace       used 69686K, committed 70528K, reserved 1114112K
  class space    used 9301K, committed 9664K, reserved 1048576K
}
Event: 26264.168 GC heap before
{Heap before GC invocations=46 (full 0):
 garbage-first heap   total 159744K, used 118235K [0x0000000705000000, 0x0000000800000000)
  region size 2048K, 46 young (94208K), 1 survivors (2048K)
 Metaspace       used 69708K, committed 70528K, reserved 1114112K
  class space    used 9301K, committed 9664K, reserved 1048576K
}
Event: 26264.218 GC heap after
{Heap after GC invocations=47 (full 0):
 garbage-first heap   total 159744K, used 25972K [0x0000000705000000, 0x0000000800000000)
  region size 2048K, 1 young (2048K), 1 survivors (2048K)
 Metaspace       used 69708K, committed 70528K, reserved 1114112K
  class space    used 9301K, committed 9664K, reserved 1048576K
}
Event: 84607.675 GC heap before
{Heap before GC invocations=48 (full 0):
 garbage-first heap   total 102400K, used 85364K [0x0000000705000000, 0x0000000800000000)
  region size 2048K, 30 young (61440K), 1 survivors (2048K)
 Metaspace       used 69718K, committed 70528K, reserved 1114112K
  class space    used 9300K, committed 9664K, reserved 1048576K
}
Event: 84607.688 GC heap after
{Heap after GC invocations=49 (full 0):
 garbage-first heap   total 102400K, used 25918K [0x0000000705000000, 0x0000000800000000)
  region size 2048K, 1 young (2048K), 1 survivors (2048K)
 Metaspace       used 69718K, committed 70528K, reserved 1114112K
  class space    used 9300K, committed 9664K, reserved 1048576K
}

